0 verbose cli /opt/homebrew/Cellar/node/25.1.0_1/bin/node /opt/homebrew/bin/npm
1 info using npm@11.6.2
2 info using node@v25.1.0
3 silly config load:file:/opt/homebrew/lib/node_modules/npm/npmrc
4 silly config load:file:/Users/reemsaad/Downloads/ali/.npmrc
5 silly config load:file:/Users/reemsaad/.npmrc
6 silly config load:file:/opt/homebrew/etc/npmrc
7 verbose title npm install @tailwindcss/postcss
8 verbose argv "install" "--save-dev" "@tailwindcss/postcss" "--cache" ".npm-cache"
9 verbose logfile logs-max:10 dir:/Users/reemsaad/Downloads/ali/.npm-cache/_logs/2025-11-12T18_51_40_321Z-
10 verbose logfile /Users/reemsaad/Downloads/ali/.npm-cache/_logs/2025-11-12T18_51_40_321Z-debug-0.log
11 silly logfile done cleaning log files
12 silly packumentCache heap:2348810240 maxSize:587202560 maxEntrySize:293601280
13 silly idealTree buildDeps
14 silly fetch manifest @tailwindcss/postcss@*
15 silly packumentCache full:https://registry.npmjs.org/@tailwindcss%2fpostcss cache-miss
16 http fetch GET 200 https://registry.npmjs.org/@tailwindcss%2fpostcss 612ms (cache miss)
17 silly packumentCache full:https://registry.npmjs.org/@tailwindcss%2fpostcss set size:undefined disposed:false
18 silly placeDep ROOT @tailwindcss/postcss@4.1.17 OK for: appttt@0.1.0 want: *
19 silly fetch manifest @alloc/quick-lru@^5.2.0
20 silly packumentCache full:https://registry.npmjs.org/@alloc%2fquick-lru cache-miss
21 silly fetch manifest @tailwindcss/node@4.1.17
22 silly packumentCache full:https://registry.npmjs.org/@tailwindcss%2fnode cache-miss
23 silly fetch manifest @tailwindcss/oxide@4.1.17
24 silly packumentCache full:https://registry.npmjs.org/@tailwindcss%2foxide cache-miss
25 http fetch GET 200 https://registry.npmjs.org/@alloc%2fquick-lru 151ms (cache miss)
26 silly packumentCache full:https://registry.npmjs.org/@alloc%2fquick-lru set size:undefined disposed:false
27 http fetch GET 200 https://registry.npmjs.org/@tailwindcss%2fnode 546ms (cache miss)
28 silly packumentCache full:https://registry.npmjs.org/@tailwindcss%2fnode set size:undefined disposed:false
29 http fetch GET 200 https://registry.npmjs.org/@tailwindcss%2foxide 732ms (cache miss)
30 silly packumentCache full:https://registry.npmjs.org/@tailwindcss%2foxide set size:undefined disposed:false
31 silly placeDep ROOT @alloc/quick-lru@5.2.0 OK for: @tailwindcss/postcss@4.1.17 want: ^5.2.0
32 silly placeDep ROOT @tailwindcss/node@4.1.17 OK for: @tailwindcss/postcss@4.1.17 want: 4.1.17
33 silly placeDep ROOT @tailwindcss/oxide@4.1.17 OK for: @tailwindcss/postcss@4.1.17 want: 4.1.17
34 silly fetch manifest jiti@^2.6.1
35 silly packumentCache full:https://registry.npmjs.org/jiti cache-miss
36 silly fetch manifest lightningcss@1.30.2
37 silly packumentCache full:https://registry.npmjs.org/lightningcss cache-miss
38 silly fetch manifest magic-string@^0.30.21
39 silly packumentCache full:https://registry.npmjs.org/magic-string cache-miss
40 silly fetch manifest enhanced-resolve@^5.18.3
41 silly packumentCache full:https://registry.npmjs.org/enhanced-resolve cache-miss
42 silly fetch manifest @tailwindcss/oxide-darwin-x64@4.1.17
43 silly packumentCache full:https://registry.npmjs.org/@tailwindcss%2foxide-darwin-x64 cache-miss
44 silly fetch manifest @tailwindcss/oxide-freebsd-x64@4.1.17
45 silly packumentCache full:https://registry.npmjs.org/@tailwindcss%2foxide-freebsd-x64 cache-miss
46 silly fetch manifest @tailwindcss/oxide-wasm32-wasi@4.1.17
47 silly packumentCache full:https://registry.npmjs.org/@tailwindcss%2foxide-wasm32-wasi cache-miss
48 http fetch GET 200 https://registry.npmjs.org/jiti 129ms (cache miss)
49 silly packumentCache full:https://registry.npmjs.org/jiti set size:undefined disposed:false
50 silly fetch manifest @tailwindcss/oxide-darwin-arm64@4.1.17
51 silly packumentCache full:https://registry.npmjs.org/@tailwindcss%2foxide-darwin-arm64 cache-miss
52 http fetch GET 200 https://registry.npmjs.org/magic-string 154ms (cache miss)
53 silly packumentCache full:https://registry.npmjs.org/magic-string set size:undefined disposed:false
54 silly fetch manifest @tailwindcss/oxide-android-arm64@4.1.17
55 silly packumentCache full:https://registry.npmjs.org/@tailwindcss%2foxide-android-arm64 cache-miss
56 http fetch GET 200 https://registry.npmjs.org/lightningcss 188ms (cache miss)
57 silly packumentCache full:https://registry.npmjs.org/lightningcss set size:undefined disposed:false
58 silly fetch manifest @tailwindcss/oxide-linux-x64-gnu@4.1.17
59 silly packumentCache full:https://registry.npmjs.org/@tailwindcss%2foxide-linux-x64-gnu cache-miss
60 http fetch GET 200 https://registry.npmjs.org/@tailwindcss%2foxide-android-arm64 229ms (cache miss)
61 silly packumentCache full:https://registry.npmjs.org/@tailwindcss%2foxide-android-arm64 set size:undefined disposed:false
62 silly fetch manifest @tailwindcss/oxide-linux-x64-musl@4.1.17
63 silly packumentCache full:https://registry.npmjs.org/@tailwindcss%2foxide-linux-x64-musl cache-miss
64 http fetch GET 200 https://registry.npmjs.org/@tailwindcss%2foxide-darwin-arm64 275ms (cache miss)
65 silly packumentCache full:https://registry.npmjs.org/@tailwindcss%2foxide-darwin-arm64 set size:undefined disposed:false
66 silly fetch manifest @tailwindcss/oxide-win32-x64-msvc@4.1.17
67 silly packumentCache full:https://registry.npmjs.org/@tailwindcss%2foxide-win32-x64-msvc cache-miss
68 http fetch GET 200 https://registry.npmjs.org/enhanced-resolve 461ms (cache miss)
69 silly packumentCache full:https://registry.npmjs.org/enhanced-resolve set size:undefined disposed:false
70 silly fetch manifest @tailwindcss/oxide-linux-arm64-gnu@4.1.17
71 silly packumentCache full:https://registry.npmjs.org/@tailwindcss%2foxide-linux-arm64-gnu cache-miss
72 http fetch GET 200 https://registry.npmjs.org/@tailwindcss%2foxide-wasm32-wasi 502ms (cache miss)
73 silly packumentCache full:https://registry.npmjs.org/@tailwindcss%2foxide-wasm32-wasi set size:undefined disposed:false
74 silly fetch manifest @tailwindcss/oxide-linux-arm64-musl@4.1.17
75 silly packumentCache full:https://registry.npmjs.org/@tailwindcss%2foxide-linux-arm64-musl cache-miss
76 http fetch GET 200 https://registry.npmjs.org/@tailwindcss%2foxide-linux-x64-musl 233ms (cache miss)
77 silly packumentCache full:https://registry.npmjs.org/@tailwindcss%2foxide-linux-x64-musl set size:undefined disposed:false
78 silly fetch manifest @tailwindcss/oxide-win32-arm64-msvc@4.1.17
79 silly packumentCache full:https://registry.npmjs.org/@tailwindcss%2foxide-win32-arm64-msvc cache-miss
80 http fetch GET 200 https://registry.npmjs.org/@tailwindcss%2foxide-linux-x64-gnu 459ms (cache miss)
81 silly packumentCache full:https://registry.npmjs.org/@tailwindcss%2foxide-linux-x64-gnu set size:undefined disposed:false
82 silly fetch manifest @tailwindcss/oxide-linux-arm-gnueabihf@4.1.17
83 silly packumentCache full:https://registry.npmjs.org/@tailwindcss%2foxide-linux-arm-gnueabihf cache-miss
84 http fetch GET 200 https://registry.npmjs.org/@tailwindcss%2foxide-win32-x64-msvc 292ms (cache miss)
85 silly packumentCache full:https://registry.npmjs.org/@tailwindcss%2foxide-win32-x64-msvc set size:undefined disposed:false
86 http fetch GET 200 https://registry.npmjs.org/@tailwindcss%2foxide-darwin-x64 725ms (cache miss)
87 silly packumentCache full:https://registry.npmjs.org/@tailwindcss%2foxide-darwin-x64 set size:undefined disposed:false
88 http fetch GET 200 https://registry.npmjs.org/@tailwindcss%2foxide-linux-arm64-musl 331ms (cache miss)
89 silly packumentCache full:https://registry.npmjs.org/@tailwindcss%2foxide-linux-arm64-musl set size:undefined disposed:false
90 http fetch GET 200 https://registry.npmjs.org/@tailwindcss%2foxide-win32-arm64-msvc 217ms (cache miss)
91 silly packumentCache full:https://registry.npmjs.org/@tailwindcss%2foxide-win32-arm64-msvc set size:undefined disposed:false
92 http fetch GET 200 https://registry.npmjs.org/@tailwindcss%2foxide-linux-arm64-gnu 393ms (cache miss)
93 silly packumentCache full:https://registry.npmjs.org/@tailwindcss%2foxide-linux-arm64-gnu set size:undefined disposed:false
94 http fetch GET 200 https://registry.npmjs.org/@tailwindcss%2foxide-freebsd-x64 865ms (cache miss)
95 silly packumentCache full:https://registry.npmjs.org/@tailwindcss%2foxide-freebsd-x64 set size:undefined disposed:false
96 http fetch GET 200 https://registry.npmjs.org/@tailwindcss%2foxide-linux-arm-gnueabihf 734ms (cache miss)
97 silly packumentCache full:https://registry.npmjs.org/@tailwindcss%2foxide-linux-arm-gnueabihf set size:undefined disposed:false
98 silly placeDep ROOT enhanced-resolve@5.18.3 OK for: @tailwindcss/node@4.1.17 want: ^5.18.3
99 silly placeDep ROOT jiti@2.6.1 OK for: @tailwindcss/node@4.1.17 want: ^2.6.1
100 silly placeDep ROOT lightningcss@1.30.2 OK for: @tailwindcss/node@4.1.17 want: 1.30.2
101 silly placeDep ROOT magic-string@0.30.21 OK for: @tailwindcss/node@4.1.17 want: ^0.30.21
102 silly fetch manifest graceful-fs@^4.2.4
103 silly packumentCache full:https://registry.npmjs.org/graceful-fs cache-miss
104 silly fetch manifest tapable@^2.2.0
105 silly packumentCache full:https://registry.npmjs.org/tapable cache-miss
106 silly fetch manifest lightningcss-darwin-x64@1.30.2
107 silly packumentCache full:https://registry.npmjs.org/lightningcss-darwin-x64 cache-miss
108 silly fetch manifest lightningcss-linux-x64-gnu@1.30.2
109 silly packumentCache full:https://registry.npmjs.org/lightningcss-linux-x64-gnu cache-miss
110 silly fetch manifest lightningcss-win32-x64-msvc@1.30.2
111 silly packumentCache full:https://registry.npmjs.org/lightningcss-win32-x64-msvc cache-miss
112 silly fetch manifest lightningcss-win32-arm64-msvc@1.30.2
113 silly packumentCache full:https://registry.npmjs.org/lightningcss-win32-arm64-msvc cache-miss
114 silly fetch manifest lightningcss-darwin-arm64@1.30.2
115 silly packumentCache full:https://registry.npmjs.org/lightningcss-darwin-arm64 cache-miss
116 http fetch GET 200 https://registry.npmjs.org/lightningcss-win32-arm64-msvc 133ms (cache miss)
117 silly packumentCache full:https://registry.npmjs.org/lightningcss-win32-arm64-msvc set size:undefined disposed:false
118 silly fetch manifest lightningcss-linux-arm64-gnu@1.30.2
119 silly packumentCache full:https://registry.npmjs.org/lightningcss-linux-arm64-gnu cache-miss
120 http fetch GET 200 https://registry.npmjs.org/tapable 137ms (cache miss)
121 silly packumentCache full:https://registry.npmjs.org/tapable set size:undefined disposed:false
122 silly fetch manifest lightningcss-linux-arm-gnueabihf@1.30.2
123 silly packumentCache full:https://registry.npmjs.org/lightningcss-linux-arm-gnueabihf cache-miss
124 http fetch GET 200 https://registry.npmjs.org/graceful-fs 141ms (cache miss)
125 silly packumentCache full:https://registry.npmjs.org/graceful-fs set size:undefined disposed:false
126 silly fetch manifest lightningcss-linux-arm64-musl@1.30.2
127 silly packumentCache full:https://registry.npmjs.org/lightningcss-linux-arm64-musl cache-miss
128 http fetch GET 200 https://registry.npmjs.org/lightningcss-linux-x64-gnu 143ms (cache miss)
129 silly packumentCache full:https://registry.npmjs.org/lightningcss-linux-x64-gnu set size:undefined disposed:false
130 silly fetch manifest lightningcss-linux-x64-musl@1.30.2
131 silly packumentCache full:https://registry.npmjs.org/lightningcss-linux-x64-musl cache-miss
132 http fetch GET 200 https://registry.npmjs.org/lightningcss-darwin-x64 146ms (cache miss)
133 silly packumentCache full:https://registry.npmjs.org/lightningcss-darwin-x64 set size:undefined disposed:false
134 silly fetch manifest lightningcss-freebsd-x64@1.30.2
135 silly packumentCache full:https://registry.npmjs.org/lightningcss-freebsd-x64 cache-miss
136 http fetch GET 200 https://registry.npmjs.org/lightningcss-win32-x64-msvc 164ms (cache miss)
137 silly packumentCache full:https://registry.npmjs.org/lightningcss-win32-x64-msvc set size:undefined disposed:false
138 silly fetch manifest lightningcss-android-arm64@1.30.2
139 silly packumentCache full:https://registry.npmjs.org/lightningcss-android-arm64 cache-miss
140 http fetch GET 200 https://registry.npmjs.org/lightningcss-darwin-arm64 172ms (cache miss)
141 silly packumentCache full:https://registry.npmjs.org/lightningcss-darwin-arm64 set size:undefined disposed:false
142 http fetch GET 200 https://registry.npmjs.org/lightningcss-linux-arm64-gnu 109ms (cache miss)
143 silly packumentCache full:https://registry.npmjs.org/lightningcss-linux-arm64-gnu set size:undefined disposed:false
144 http fetch GET 200 https://registry.npmjs.org/lightningcss-linux-arm64-musl 123ms (cache miss)
145 silly packumentCache full:https://registry.npmjs.org/lightningcss-linux-arm64-musl set size:undefined disposed:false
146 http fetch GET 200 https://registry.npmjs.org/lightningcss-linux-x64-musl 122ms (cache miss)
147 silly packumentCache full:https://registry.npmjs.org/lightningcss-linux-x64-musl set size:undefined disposed:false
148 http fetch GET 200 https://registry.npmjs.org/lightningcss-linux-arm-gnueabihf 132ms (cache miss)
149 silly packumentCache full:https://registry.npmjs.org/lightningcss-linux-arm-gnueabihf set size:undefined disposed:false
150 http fetch GET 200 https://registry.npmjs.org/lightningcss-android-arm64 128ms (cache miss)
151 silly packumentCache full:https://registry.npmjs.org/lightningcss-android-arm64 set size:undefined disposed:false
152 http fetch GET 200 https://registry.npmjs.org/lightningcss-freebsd-x64 151ms (cache miss)
153 silly packumentCache full:https://registry.npmjs.org/lightningcss-freebsd-x64 set size:undefined disposed:false
154 silly placeDep ROOT @tailwindcss/oxide-android-arm64@4.1.17 OK for: @tailwindcss/oxide@4.1.17 want: 4.1.17
155 silly placeDep ROOT @tailwindcss/oxide-darwin-arm64@4.1.17 OK for: @tailwindcss/oxide@4.1.17 want: 4.1.17
156 silly placeDep ROOT @tailwindcss/oxide-darwin-x64@4.1.17 OK for: @tailwindcss/oxide@4.1.17 want: 4.1.17
157 silly placeDep ROOT @tailwindcss/oxide-freebsd-x64@4.1.17 OK for: @tailwindcss/oxide@4.1.17 want: 4.1.17
158 silly placeDep ROOT @tailwindcss/oxide-linux-arm-gnueabihf@4.1.17 OK for: @tailwindcss/oxide@4.1.17 want: 4.1.17
159 silly placeDep ROOT @tailwindcss/oxide-linux-arm64-gnu@4.1.17 OK for: @tailwindcss/oxide@4.1.17 want: 4.1.17
160 silly placeDep ROOT @tailwindcss/oxide-linux-arm64-musl@4.1.17 OK for: @tailwindcss/oxide@4.1.17 want: 4.1.17
161 silly placeDep ROOT @tailwindcss/oxide-linux-x64-gnu@4.1.17 OK for: @tailwindcss/oxide@4.1.17 want: 4.1.17
162 silly placeDep ROOT @tailwindcss/oxide-linux-x64-musl@4.1.17 OK for: @tailwindcss/oxide@4.1.17 want: 4.1.17
163 silly placeDep ROOT @tailwindcss/oxide-wasm32-wasi@4.1.17 OK for: @tailwindcss/oxide@4.1.17 want: 4.1.17
164 silly placeDep ROOT @tailwindcss/oxide-win32-arm64-msvc@4.1.17 OK for: @tailwindcss/oxide@4.1.17 want: 4.1.17
165 silly placeDep ROOT @tailwindcss/oxide-win32-x64-msvc@4.1.17 OK for: @tailwindcss/oxide@4.1.17 want: 4.1.17
166 silly placeDep ROOT graceful-fs@4.2.11 OK for: enhanced-resolve@5.18.3 want: ^4.2.4
167 silly placeDep ROOT tapable@2.3.0 OK for: enhanced-resolve@5.18.3 want: ^2.2.0
168 silly placeDep ROOT lightningcss-android-arm64@1.30.2 OK for: lightningcss@1.30.2 want: 1.30.2
169 silly placeDep ROOT lightningcss-darwin-arm64@1.30.2 OK for: lightningcss@1.30.2 want: 1.30.2
170 silly placeDep ROOT lightningcss-darwin-x64@1.30.2 OK for: lightningcss@1.30.2 want: 1.30.2
171 silly placeDep ROOT lightningcss-freebsd-x64@1.30.2 OK for: lightningcss@1.30.2 want: 1.30.2
172 silly placeDep ROOT lightningcss-linux-arm-gnueabihf@1.30.2 OK for: lightningcss@1.30.2 want: 1.30.2
173 silly placeDep ROOT lightningcss-linux-arm64-gnu@1.30.2 OK for: lightningcss@1.30.2 want: 1.30.2
174 silly placeDep ROOT lightningcss-linux-arm64-musl@1.30.2 OK for: lightningcss@1.30.2 want: 1.30.2
175 silly placeDep ROOT lightningcss-linux-x64-gnu@1.30.2 OK for: lightningcss@1.30.2 want: 1.30.2
176 silly placeDep ROOT lightningcss-linux-x64-musl@1.30.2 OK for: lightningcss@1.30.2 want: 1.30.2
177 silly placeDep ROOT lightningcss-win32-arm64-msvc@1.30.2 OK for: lightningcss@1.30.2 want: 1.30.2
178 silly placeDep ROOT lightningcss-win32-x64-msvc@1.30.2 OK for: lightningcss@1.30.2 want: 1.30.2
179 silly reify moves {}
180 silly audit bulk request {
180 silly audit   '@babel/code-frame': [ '7.27.1' ],
180 silly audit   '@babel/compat-data': [ '7.28.5' ],
180 silly audit   '@babel/core': [ '7.28.5' ],
180 silly audit   '@babel/generator': [ '7.28.5' ],
180 silly audit   '@babel/helper-compilation-targets': [ '7.27.2' ],
180 silly audit   '@babel/helper-globals': [ '7.28.0' ],
180 silly audit   '@babel/helper-module-imports': [ '7.27.1' ],
180 silly audit   '@babel/helper-module-transforms': [ '7.28.3' ],
180 silly audit   '@babel/helper-string-parser': [ '7.27.1' ],
180 silly audit   '@babel/helper-validator-identifier': [ '7.28.5' ],
180 silly audit   '@babel/helper-validator-option': [ '7.27.1' ],
180 silly audit   '@babel/helpers': [ '7.28.4' ],
180 silly audit   '@babel/parser': [ '7.28.5' ],
180 silly audit   '@babel/template': [ '7.27.2' ],
180 silly audit   '@babel/traverse': [ '7.28.5' ],
180 silly audit   '@babel/types': [ '7.28.5' ],
180 silly audit   '@emnapi/core': [ '1.7.0' ],
180 silly audit   '@emnapi/runtime': [ '1.7.0' ],
180 silly audit   '@emnapi/wasi-threads': [ '1.1.0' ],
180 silly audit   '@eslint-community/eslint-utils': [ '4.9.0' ],
180 silly audit   'eslint-visitor-keys': [ '3.4.3', '4.2.1' ],
180 silly audit   '@eslint-community/regexpp': [ '4.12.2' ],
180 silly audit   '@eslint/config-array': [ '0.21.1' ],
180 silly audit   '@eslint/config-helpers': [ '0.4.2' ],
180 silly audit   '@eslint/core': [ '0.17.0' ],
180 silly audit   '@eslint/eslintrc': [ '3.3.1' ],
180 silly audit   '@eslint/js': [ '9.39.1' ],
180 silly audit   '@eslint/object-schema': [ '2.1.7' ],
180 silly audit   '@eslint/plugin-kit': [ '0.4.1' ],
180 silly audit   '@humanfs/core': [ '0.19.1' ],
180 silly audit   '@humanfs/node': [ '0.16.7' ],
180 silly audit   '@humanwhocodes/module-importer': [ '1.0.1' ],
180 silly audit   '@humanwhocodes/retry': [ '0.4.3' ],
180 silly audit   '@img/colour': [ '1.0.0' ],
180 silly audit   '@img/sharp-darwin-arm64': [ '0.34.4' ],
180 silly audit   '@img/sharp-darwin-x64': [ '0.34.4' ],
180 silly audit   '@img/sharp-libvips-darwin-arm64': [ '1.2.3' ],
180 silly audit   '@img/sharp-libvips-darwin-x64': [ '1.2.3' ],
180 silly audit   '@img/sharp-libvips-linux-arm': [ '1.2.3' ],
180 silly audit   '@img/sharp-libvips-linux-arm64': [ '1.2.3' ],
180 silly audit   '@img/sharp-libvips-linux-ppc64': [ '1.2.3' ],
180 silly audit   '@img/sharp-libvips-linux-s390x': [ '1.2.3' ],
180 silly audit   '@img/sharp-libvips-linux-x64': [ '1.2.3' ],
180 silly audit   '@img/sharp-libvips-linuxmusl-arm64': [ '1.2.3' ],
180 silly audit   '@img/sharp-libvips-linuxmusl-x64': [ '1.2.3' ],
180 silly audit   '@img/sharp-linux-arm': [ '0.34.4' ],
180 silly audit   '@img/sharp-linux-arm64': [ '0.34.4' ],
180 silly audit   '@img/sharp-linux-ppc64': [ '0.34.4' ],
180 silly audit   '@img/sharp-linux-s390x': [ '0.34.4' ],
180 silly audit   '@img/sharp-linux-x64': [ '0.34.4' ],
180 silly audit   '@img/sharp-linuxmusl-arm64': [ '0.34.4' ],
180 silly audit   '@img/sharp-linuxmusl-x64': [ '0.34.4' ],
180 silly audit   '@img/sharp-wasm32': [ '0.34.4' ],
180 silly audit   '@img/sharp-win32-arm64': [ '0.34.4' ],
180 silly audit   '@img/sharp-win32-ia32': [ '0.34.4' ],
180 silly audit   '@img/sharp-win32-x64': [ '0.34.4' ],
180 silly audit   '@jridgewell/gen-mapping': [ '0.3.13' ],
180 silly audit   '@jridgewell/remapping': [ '2.3.5' ],
180 silly audit   '@jridgewell/resolve-uri': [ '3.1.2' ],
180 silly audit   '@jridgewell/sourcemap-codec': [ '1.5.5' ],
180 silly audit   '@jridgewell/trace-mapping': [ '0.3.31' ],
180 silly audit   '@napi-rs/wasm-runtime': [ '0.2.12' ],
180 silly audit   '@next/env': [ '16.0.1' ],
180 silly audit   '@next/eslint-plugin-next': [ '16.0.1' ],
180 silly audit   '@next/swc-darwin-arm64': [ '16.0.1' ],
180 silly audit   '@next/swc-darwin-x64': [ '16.0.1' ],
180 silly audit   '@next/swc-linux-arm64-gnu': [ '16.0.1' ],
180 silly audit   '@next/swc-linux-arm64-musl': [ '16.0.1' ],
180 silly audit   '@next/swc-linux-x64-gnu': [ '16.0.1' ],
180 silly audit   '@next/swc-linux-x64-musl': [ '16.0.1' ],
180 silly audit   '@next/swc-win32-arm64-msvc': [ '16.0.1' ],
180 silly audit   '@next/swc-win32-x64-msvc': [ '16.0.1' ],
180 silly audit   '@nodelib/fs.scandir': [ '2.1.5' ],
180 silly audit   '@nodelib/fs.stat': [ '2.0.5' ],
180 silly audit   '@nodelib/fs.walk': [ '1.2.8' ],
180 silly audit   '@nolyfill/is-core-module': [ '1.0.39' ],
180 silly audit   '@rtsao/scc': [ '1.1.0' ],
180 silly audit   '@swc/helpers': [ '0.5.15' ],
180 silly audit   '@tybys/wasm-util': [ '0.10.1' ],
180 silly audit   '@types/estree': [ '1.0.8' ],
180 silly audit   '@types/json-schema': [ '7.0.15' ],
180 silly audit   '@types/json5': [ '0.0.29' ],
180 silly audit   '@types/node': [ '20.19.24' ],
180 silly audit   '@types/react': [ '19.2.2' ],
180 silly audit   '@types/react-dom': [ '19.2.2' ],
180 silly audit   '@typescript-eslint/eslint-plugin': [ '8.46.3' ],
180 silly audit   ignore: [ '7.0.5', '5.3.2' ],
180 silly audit   '@typescript-eslint/parser': [ '8.46.3' ],
180 silly audit   '@typescript-eslint/project-service': [ '8.46.3' ],
180 silly audit   '@typescript-eslint/scope-manager': [ '8.46.3' ],
180 silly audit   '@typescript-eslint/tsconfig-utils': [ '8.46.3' ],
180 silly audit   '@typescript-eslint/type-utils': [ '8.46.3' ],
180 silly audit   '@typescript-eslint/types': [ '8.46.3' ],
180 silly audit   '@typescript-eslint/typescript-estree': [ '8.46.3' ],
180 silly audit   'brace-expansion': [ '2.0.2', '1.1.12' ],
180 silly audit   'fast-glob': [ '3.3.3', '3.3.1' ],
180 silly audit   'glob-parent': [ '5.1.2', '6.0.2' ],
180 silly audit   minimatch: [ '9.0.5', '3.1.2' ],
180 silly audit   semver: [ '7.7.3', '6.3.1' ],
180 silly audit   '@typescript-eslint/utils': [ '8.46.3' ],
180 silly audit   '@typescript-eslint/visitor-keys': [ '8.46.3' ],
180 silly audit   '@unrs/resolver-binding-android-arm-eabi': [ '1.11.1' ],
180 silly audit   '@unrs/resolver-binding-android-arm64': [ '1.11.1' ],
180 silly audit   '@unrs/resolver-binding-darwin-arm64': [ '1.11.1' ],
180 silly audit   '@unrs/resolver-binding-darwin-x64': [ '1.11.1' ],
180 silly audit   '@unrs/resolver-binding-freebsd-x64': [ '1.11.1' ],
180 silly audit   '@unrs/resolver-binding-linux-arm-gnueabihf': [ '1.11.1' ],
180 silly audit   '@unrs/resolver-binding-linux-arm-musleabihf': [ '1.11.1' ],
180 silly audit   '@unrs/resolver-binding-linux-arm64-gnu': [ '1.11.1' ],
180 silly audit   '@unrs/resolver-binding-linux-arm64-musl': [ '1.11.1' ],
180 silly audit   '@unrs/resolver-binding-linux-ppc64-gnu': [ '1.11.1' ],
180 silly audit   '@unrs/resolver-binding-linux-riscv64-gnu': [ '1.11.1' ],
180 silly audit   '@unrs/resolver-binding-linux-riscv64-musl': [ '1.11.1' ],
180 silly audit   '@unrs/resolver-binding-linux-s390x-gnu': [ '1.11.1' ],
180 silly audit   '@unrs/resolver-binding-linux-x64-gnu': [ '1.11.1' ],
180 silly audit   '@unrs/resolver-binding-linux-x64-musl': [ '1.11.1' ],
180 silly audit   '@unrs/resolver-binding-wasm32-wasi': [ '1.11.1' ],
180 silly audit   '@unrs/resolver-binding-win32-arm64-msvc': [ '1.11.1' ],
180 silly audit   '@unrs/resolver-binding-win32-ia32-msvc': [ '1.11.1' ],
180 silly audit   '@unrs/resolver-binding-win32-x64-msvc': [ '1.11.1' ],
180 silly audit   acorn: [ '8.15.0' ],
180 silly audit   'acorn-jsx': [ '5.3.2' ],
180 silly audit   ajv: [ '6.12.6' ],
180 silly audit   'ansi-styles': [ '4.3.0' ],
180 silly audit   argparse: [ '2.0.1' ],
180 silly audit   'aria-query': [ '5.3.2' ],
180 silly audit   'array-buffer-byte-length': [ '1.0.2' ],
180 silly audit   'array-includes': [ '3.1.9' ],
180 silly audit   'array.prototype.findlast': [ '1.2.5' ],
180 silly audit   'array.prototype.findlastindex': [ '1.2.6' ],
180 silly audit   'array.prototype.flat': [ '1.3.3' ],
180 silly audit   'array.prototype.flatmap': [ '1.3.3' ],
180 silly audit   'array.prototype.tosorted': [ '1.1.4' ],
180 silly audit   'arraybuffer.prototype.slice': [ '1.0.4' ],
180 silly audit   'ast-types-flow': [ '0.0.8' ],
180 silly audit   'async-function': [ '1.0.0' ],
180 silly audit   autoprefixer: [ '10.4.22' ],
180 silly audit   'available-typed-arrays': [ '1.0.7' ],
180 silly audit   'axe-core': [ '4.11.0' ],
180 silly audit   'axobject-query': [ '4.1.0' ],
180 silly audit   'balanced-match': [ '1.0.2' ],
180 silly audit   'baseline-browser-mapping': [ '2.8.24' ],
180 silly audit   braces: [ '3.0.3' ],
180 silly audit   browserslist: [ '4.27.0' ],
180 silly audit   'call-bind': [ '1.0.8' ],
180 silly audit   'call-bind-apply-helpers': [ '1.0.2' ],
180 silly audit   'call-bound': [ '1.0.4' ],
180 silly audit   callsites: [ '3.1.0' ],
180 silly audit   'caniuse-lite': [ '1.0.30001754' ],
180 silly audit   chalk: [ '4.1.2' ],
180 silly audit   'client-only': [ '0.0.1' ],
180 silly audit   'color-convert': [ '2.0.1' ],
180 silly audit   'color-name': [ '1.1.4' ],
180 silly audit   'concat-map': [ '0.0.1' ],
180 silly audit   'convert-source-map': [ '2.0.0' ],
180 silly audit   'cross-spawn': [ '7.0.6' ],
180 silly audit   csstype: [ '3.1.3' ],
180 silly audit   'damerau-levenshtein': [ '1.0.8' ],
180 silly audit   'data-view-buffer': [ '1.0.2' ],
180 silly audit   'data-view-byte-length': [ '1.0.2' ],
180 silly audit   'data-view-byte-offset': [ '1.0.1' ],
180 silly audit   debug: [ '4.4.3', '3.2.7' ],
180 silly audit   'deep-is': [ '0.1.4' ],
180 silly audit   'define-data-property': [ '1.1.4' ],
180 silly audit   'define-properties': [ '1.2.1' ],
180 silly audit   'detect-libc': [ '2.1.2' ],
180 silly audit   doctrine: [ '2.1.0' ],
180 silly audit   'dunder-proto': [ '1.0.1' ],
180 silly audit   'electron-to-chromium': [ '1.5.245' ],
180 silly audit   'emoji-regex': [ '9.2.2' ],
180 silly audit   'es-abstract': [ '1.24.0' ],
180 silly audit   'es-define-property': [ '1.0.1' ],
180 silly audit   'es-errors': [ '1.3.0' ],
180 silly audit   'es-iterator-helpers': [ '1.2.1' ],
180 silly audit   'es-object-atoms': [ '1.1.1' ],
180 silly audit   'es-set-tostringtag': [ '2.1.0' ],
180 silly audit   'es-shim-unscopables': [ '1.1.0' ],
180 silly audit   'es-to-primitive': [ '1.3.0' ],
180 silly audit   escalade: [ '3.2.0' ],
180 silly audit   'escape-string-regexp': [ '4.0.0' ],
180 silly audit   eslint: [ '9.39.1' ],
180 silly audit   'eslint-config-next': [ '16.0.1' ],
180 silly audit   globals: [ '16.4.0', '14.0.0' ],
180 silly audit   'eslint-import-resolver-node': [ '0.3.9' ],
180 silly audit   'eslint-import-resolver-typescript': [ '3.10.1' ],
180 silly audit   'eslint-module-utils': [ '2.12.1' ],
180 silly audit   'eslint-plugin-import': [ '2.32.0' ],
180 silly audit   'eslint-plugin-jsx-a11y': [ '6.10.2' ],
180 silly audit   'eslint-plugin-react': [ '7.37.5' ],
180 silly audit   'eslint-plugin-react-hooks': [ '7.0.1' ],
180 silly audit   resolve: [ '2.0.0-next.5', '1.22.11' ],
180 silly audit   'eslint-scope': [ '8.4.0' ],
180 silly audit   espree: [ '10.4.0' ],
180 silly audit   esquery: [ '1.6.0' ],
180 silly audit   esrecurse: [ '4.3.0' ],
180 silly audit   estraverse: [ '5.3.0' ],
180 silly audit   esutils: [ '2.0.3' ],
180 silly audit   'fast-deep-equal': [ '3.1.3' ],
180 silly audit   'fast-json-stable-stringify': [ '2.1.0' ],
180 silly audit   'fast-levenshtein': [ '2.0.6' ],
180 silly audit   fastq: [ '1.19.1' ],
180 silly audit   'file-entry-cache': [ '8.0.0' ],
180 silly audit   'fill-range': [ '7.1.1' ],
180 silly audit   'find-up': [ '5.0.0' ],
180 silly audit   'flat-cache': [ '4.0.1' ],
180 silly audit   flatted: [ '3.3.3' ],
180 silly audit   'for-each': [ '0.3.5' ],
180 silly audit   'fraction.js': [ '5.3.4' ],
180 silly audit   'function-bind': [ '1.1.2' ],
180 silly audit   'function.prototype.name': [ '1.1.8' ],
180 silly audit   'functions-have-names': [ '1.2.3' ],
180 silly audit   'generator-function': [ '2.0.1' ],
180 silly audit   gensync: [ '1.0.0-beta.2' ],
180 silly audit   'get-intrinsic': [ '1.3.0' ],
180 silly audit   'get-proto': [ '1.0.1' ],
180 silly audit   'get-symbol-description': [ '1.1.0' ],
180 silly audit   'get-tsconfig': [ '4.13.0' ],
180 silly audit   globalthis: [ '1.0.4' ],
180 silly audit   gopd: [ '1.2.0' ],
180 silly audit   graphemer: [ '1.4.0' ],
180 silly audit   'has-bigints': [ '1.1.0' ],
180 silly audit   'has-flag': [ '4.0.0' ],
180 silly audit   'has-property-descriptors': [ '1.0.2' ],
180 silly audit   'has-proto': [ '1.2.0' ],
180 silly audit   'has-symbols': [ '1.1.0' ],
180 silly audit   'has-tostringtag': [ '1.0.2' ],
180 silly audit   hasown: [ '2.0.2' ],
180 silly audit   'hermes-estree': [ '0.25.1' ],
180 silly audit   'hermes-parser': [ '0.25.1' ],
180 silly audit   'import-fresh': [ '3.3.1' ],
180 silly audit   imurmurhash: [ '0.1.4' ],
180 silly audit   'internal-slot': [ '1.1.0' ],
180 silly audit   'is-array-buffer': [ '3.0.5' ],
180 silly audit   'is-async-function': [ '2.1.1' ],
180 silly audit   'is-bigint': [ '1.1.0' ],
180 silly audit   'is-boolean-object': [ '1.2.2' ],
180 silly audit   'is-bun-module': [ '2.0.0' ],
180 silly audit   'is-callable': [ '1.2.7' ],
180 silly audit   'is-core-module': [ '2.16.1' ],
180 silly audit   'is-data-view': [ '1.0.2' ],
180 silly audit   'is-date-object': [ '1.1.0' ],
180 silly audit   'is-extglob': [ '2.1.1' ],
180 silly audit   'is-finalizationregistry': [ '1.1.1' ],
180 silly audit   'is-generator-function': [ '1.1.2' ],
180 silly audit   'is-glob': [ '4.0.3' ],
180 silly audit   'is-map': [ '2.0.3' ],
180 silly audit   'is-negative-zero': [ '2.0.3' ],
180 silly audit   'is-number': [ '7.0.0' ],
180 silly audit   'is-number-object': [ '1.1.1' ],
180 silly audit   'is-regex': [ '1.2.1' ],
180 silly audit   'is-set': [ '2.0.3' ],
180 silly audit   'is-shared-array-buffer': [ '1.0.4' ],
180 silly audit   'is-string': [ '1.1.1' ],
180 silly audit   'is-symbol': [ '1.1.1' ],
180 silly audit   'is-typed-array': [ '1.1.15' ],
180 silly audit   'is-weakmap': [ '2.0.2' ],
180 silly audit   'is-weakref': [ '1.1.1' ],
180 silly audit   'is-weakset': [ '2.0.4' ],
180 silly audit   isarray: [ '2.0.5' ],
180 silly audit   isexe: [ '2.0.0' ],
180 silly audit   'iterator.prototype': [ '1.1.5' ],
180 silly audit   'js-tokens': [ '4.0.0' ],
180 silly audit   'js-yaml': [ '4.1.0' ],
180 silly audit   jsesc: [ '3.1.0' ],
180 silly audit   'json-buffer': [ '3.0.1' ],
180 silly audit   'json-schema-traverse': [ '0.4.1' ],
180 silly audit   'json-stable-stringify-without-jsonify': [ '1.0.1' ],
180 silly audit   json5: [ '2.2.3', '1.0.2' ],
180 silly audit   'jsx-ast-utils': [ '3.3.5' ],
180 silly audit   keyv: [ '4.5.4' ],
180 silly audit   'language-subtag-registry': [ '0.3.23' ],
180 silly audit   'language-tags': [ '1.0.9' ],
180 silly audit   levn: [ '0.4.1' ],
180 silly audit   'locate-path': [ '6.0.0' ],
180 silly audit   'lodash.merge': [ '4.6.2' ],
180 silly audit   'loose-envify': [ '1.4.0' ],
180 silly audit   'lru-cache': [ '5.1.1' ],
180 silly audit   'math-intrinsics': [ '1.1.0' ],
180 silly audit   merge2: [ '1.4.1' ],
180 silly audit   micromatch: [ '4.0.8' ],
180 silly audit   minimist: [ '1.2.8' ],
180 silly audit   ms: [ '2.1.3' ],
180 silly audit   nanoid: [ '3.3.11' ],
180 silly audit   'napi-postinstall': [ '0.3.4' ],
180 silly audit   'natural-compare': [ '1.4.0' ],
180 silly audit   next: [ '16.0.1' ],
180 silly audit   postcss: [ '8.4.31', '8.5.6' ],
180 silly audit   'node-releases': [ '2.0.27' ],
180 silly audit   'normalize-range': [ '0.1.2' ],
180 silly audit   'object-assign': [ '4.1.1' ],
180 silly audit   'object-inspect': [ '1.13.4' ],
180 silly audit   'object-keys': [ '1.1.1' ],
180 silly audit   'object.assign': [ '4.1.7' ],
180 silly audit   'object.entries': [ '1.1.9' ],
180 silly audit   'object.fromentries': [ '2.0.8' ],
180 silly audit   'object.groupby': [ '1.0.3' ],
180 silly audit   'object.values': [ '1.2.1' ],
180 silly audit   optionator: [ '0.9.4' ],
180 silly audit   'own-keys': [ '1.0.1' ],
180 silly audit   'p-limit': [ '3.1.0' ],
180 silly audit   'p-locate': [ '5.0.0' ],
180 silly audit   'parent-module': [ '1.0.1' ],
180 silly audit   'path-exists': [ '4.0.0' ],
180 silly audit   'path-key': [ '3.1.1' ],
180 silly audit   'path-parse': [ '1.0.7' ],
180 silly audit   picocolors: [ '1.1.1' ],
180 silly audit   picomatch: [ '2.3.1', '4.0.3' ],
180 silly audit   'possible-typed-array-names': [ '1.1.0' ],
180 silly audit   'postcss-value-parser': [ '4.2.0' ],
180 silly audit   'prelude-ls': [ '1.2.1' ],
180 silly audit   'prop-types': [ '15.8.1' ],
180 silly audit   punycode: [ '2.3.1' ],
180 silly audit   'queue-microtask': [ '1.2.3' ],
180 silly audit   react: [ '19.2.0' ],
180 silly audit   'react-dom': [ '19.2.0' ],
180 silly audit   'react-is': [ '16.13.1' ],
180 silly audit   'reflect.getprototypeof': [ '1.0.10' ],
180 silly audit   'regexp.prototype.flags': [ '1.5.4' ],
180 silly audit   'resolve-from': [ '4.0.0' ],
180 silly audit   'resolve-pkg-maps': [ '1.0.0' ],
180 silly audit   reusify: [ '1.1.0' ],
180 silly audit   'run-parallel': [ '1.2.0' ],
180 silly audit   'safe-array-concat': [ '1.1.3' ],
180 silly audit   'safe-push-apply': [ '1.0.0' ],
180 silly audit   'safe-regex-test': [ '1.1.0' ],
180 silly audit   scheduler: [ '0.27.0' ],
180 silly audit   'set-function-length': [ '1.2.2' ],
180 silly audit   'set-function-name': [ '2.0.2' ],
180 silly audit   'set-proto': [ '1.0.0' ],
180 silly audit   sharp: [ '0.34.4' ],
180 silly audit   'shebang-command': [ '2.0.0' ],
180 silly audit   'shebang-regex': [ '3.0.0' ],
180 silly audit   'side-channel': [ '1.1.0' ],
180 silly audit   'side-channel-list': [ '1.0.0' ],
180 silly audit   'side-channel-map': [ '1.0.1' ],
180 silly audit   'side-channel-weakmap': [ '1.0.2' ],
180 silly audit   'source-map-js': [ '1.2.1' ],
180 silly audit   'stable-hash': [ '0.0.5' ],
180 silly audit   'stop-iteration-iterator': [ '1.1.0' ],
180 silly audit   'string.prototype.includes': [ '2.0.1' ],
180 silly audit   'string.prototype.matchall': [ '4.0.12' ],
180 silly audit   'string.prototype.repeat': [ '1.0.0' ],
180 silly audit   'string.prototype.trim': [ '1.2.10' ],
180 silly audit   'string.prototype.trimend': [ '1.0.9' ],
180 silly audit   'string.prototype.trimstart': [ '1.0.8' ],
180 silly audit   'strip-bom': [ '3.0.0' ],
180 silly audit   'strip-json-comments': [ '3.1.1' ],
180 silly audit   'styled-jsx': [ '5.1.6' ],
180 silly audit   'supports-color': [ '7.2.0' ],
180 silly audit   'supports-preserve-symlinks-flag': [ '1.0.0' ],
180 silly audit   tailwindcss: [ '4.1.17' ],
180 silly audit   tinyglobby: [ '0.2.15' ],
180 silly audit   fdir: [ '6.5.0' ],
180 silly audit   'to-regex-range': [ '5.0.1' ],
180 silly audit   'ts-api-utils': [ '2.1.0' ],
180 silly audit   'tsconfig-paths': [ '3.15.0' ],
180 silly audit   tslib: [ '2.8.1' ],
180 silly audit   'type-check': [ '0.4.0' ],
180 silly audit   'typed-array-buffer': [ '1.0.3' ],
180 silly audit   'typed-array-byte-length': [ '1.0.3' ],
180 silly audit   'typed-array-byte-offset': [ '1.0.4' ],
180 silly audit   'typed-array-length': [ '1.0.7' ],
180 silly audit   typescript: [ '5.9.3' ],
180 silly audit   'typescript-eslint': [ '8.46.3' ],
180 silly audit   'unbox-primitive': [ '1.1.0' ],
180 silly audit   'undici-types': [ '6.21.0' ],
180 silly audit   'unrs-resolver': [ '1.11.1' ],
180 silly audit   'update-browserslist-db': [ '1.1.4' ],
180 silly audit   'uri-js': [ '4.4.1' ],
180 silly audit   which: [ '2.0.2' ],
180 silly audit   'which-boxed-primitive': [ '1.1.1' ],
180 silly audit   'which-builtin-type': [ '1.2.1' ],
180 silly audit   'which-collection': [ '1.0.2' ],
180 silly audit   'which-typed-array': [ '1.1.19' ],
180 silly audit   'word-wrap': [ '1.2.5' ],
180 silly audit   yallist: [ '3.1.1' ],
180 silly audit   'yocto-queue': [ '0.1.0' ],
180 silly audit   zod: [ '4.1.12' ],
180 silly audit   'zod-validation-error': [ '4.0.2' ],
180 silly audit   '@tailwindcss/postcss': [ '4.1.17' ],
180 silly audit   '@alloc/quick-lru': [ '5.2.0' ],
180 silly audit   '@tailwindcss/node': [ '4.1.17' ],
180 silly audit   '@tailwindcss/oxide': [ '4.1.17' ],
180 silly audit   'enhanced-resolve': [ '5.18.3' ],
180 silly audit   jiti: [ '2.6.1' ],
180 silly audit   lightningcss: [ '1.30.2' ],
180 silly audit   'magic-string': [ '0.30.21' ],
180 silly audit   '@tailwindcss/oxide-android-arm64': [ '4.1.17' ],
180 silly audit   '@tailwindcss/oxide-darwin-arm64': [ '4.1.17' ],
180 silly audit   '@tailwindcss/oxide-darwin-x64': [ '4.1.17' ],
180 silly audit   '@tailwindcss/oxide-freebsd-x64': [ '4.1.17' ],
180 silly audit   '@tailwindcss/oxide-linux-arm-gnueabihf': [ '4.1.17' ],
180 silly audit   '@tailwindcss/oxide-linux-arm64-gnu': [ '4.1.17' ],
180 silly audit   '@tailwindcss/oxide-linux-arm64-musl': [ '4.1.17' ],
180 silly audit   '@tailwindcss/oxide-linux-x64-gnu': [ '4.1.17' ],
180 silly audit   '@tailwindcss/oxide-linux-x64-musl': [ '4.1.17' ],
180 silly audit   '@tailwindcss/oxide-wasm32-wasi': [ '4.1.17' ],
180 silly audit   '@tailwindcss/oxide-win32-arm64-msvc': [ '4.1.17' ],
180 silly audit   '@tailwindcss/oxide-win32-x64-msvc': [ '4.1.17' ],
180 silly audit   'graceful-fs': [ '4.2.11' ],
180 silly audit   tapable: [ '2.3.0' ],
180 silly audit   'lightningcss-android-arm64': [ '1.30.2' ],
180 silly audit   'lightningcss-darwin-arm64': [ '1.30.2' ],
180 silly audit   'lightningcss-darwin-x64': [ '1.30.2' ],
180 silly audit   'lightningcss-freebsd-x64': [ '1.30.2' ],
180 silly audit   'lightningcss-linux-arm-gnueabihf': [ '1.30.2' ],
180 silly audit   'lightningcss-linux-arm64-gnu': [ '1.30.2' ],
180 silly audit   'lightningcss-linux-arm64-musl': [ '1.30.2' ],
180 silly audit   'lightningcss-linux-x64-gnu': [ '1.30.2' ],
180 silly audit   'lightningcss-linux-x64-musl': [ '1.30.2' ],
180 silly audit   'lightningcss-win32-arm64-msvc': [ '1.30.2' ],
180 silly audit   'lightningcss-win32-x64-msvc': [ '1.30.2' ]
180 silly audit }
181 http cache lightningcss-darwin-arm64@https://registry.npmjs.org/lightningcss-darwin-arm64/-/lightningcss-darwin-arm64-1.30.2.tgz 0ms (cache hit)
182 http cache graceful-fs@https://registry.npmjs.org/graceful-fs/-/graceful-fs-4.2.11.tgz 0ms (cache hit)
183 http cache tapable@https://registry.npmjs.org/tapable/-/tapable-2.3.0.tgz 0ms (cache hit)
184 http cache @tailwindcss/oxide-darwin-arm64@https://registry.npmjs.org/@tailwindcss/oxide-darwin-arm64/-/oxide-darwin-arm64-4.1.17.tgz 0ms (cache hit)
185 http cache magic-string@https://registry.npmjs.org/magic-string/-/magic-string-0.30.21.tgz 0ms (cache hit)
186 http cache lightningcss@https://registry.npmjs.org/lightningcss/-/lightningcss-1.30.2.tgz 0ms (cache hit)
187 http cache jiti@https://registry.npmjs.org/jiti/-/jiti-2.6.1.tgz 0ms (cache hit)
188 http cache enhanced-resolve@https://registry.npmjs.org/enhanced-resolve/-/enhanced-resolve-5.18.3.tgz 0ms (cache hit)
189 http cache @tailwindcss/node@https://registry.npmjs.org/@tailwindcss/node/-/node-4.1.17.tgz 0ms (cache hit)
190 http cache @tailwindcss/oxide@https://registry.npmjs.org/@tailwindcss/oxide/-/oxide-4.1.17.tgz 0ms (cache hit)
191 http cache @alloc/quick-lru@https://registry.npmjs.org/@alloc/quick-lru/-/quick-lru-5.2.0.tgz 0ms (cache hit)
192 http cache @tailwindcss/postcss@https://registry.npmjs.org/@tailwindcss/postcss/-/postcss-4.1.17.tgz 0ms (cache hit)
193 http cache @tybys/wasm-util@https://registry.npmjs.org/@tybys/wasm-util/-/wasm-util-0.10.1.tgz 0ms (cache hit)
194 http cache @napi-rs/wasm-runtime@https://registry.npmjs.org/@napi-rs/wasm-runtime/-/wasm-runtime-0.2.12.tgz 0ms (cache hit)
195 http cache @emnapi/core@https://registry.npmjs.org/@emnapi/core/-/core-1.7.0.tgz 0ms (cache hit)
196 http cache @emnapi/wasi-threads@https://registry.npmjs.org/@emnapi/wasi-threads/-/wasi-threads-1.1.0.tgz 0ms (cache hit)
197 silly tarball no local data for lightningcss-darwin-arm64@https://registry.npmjs.org/lightningcss-darwin-arm64/-/lightningcss-darwin-arm64-1.30.2.tgz. Extracting by manifest.
198 silly tarball no local data for graceful-fs@https://registry.npmjs.org/graceful-fs/-/graceful-fs-4.2.11.tgz. Extracting by manifest.
199 silly tarball no local data for tapable@https://registry.npmjs.org/tapable/-/tapable-2.3.0.tgz. Extracting by manifest.
200 silly tarball no local data for @tailwindcss/oxide-darwin-arm64@https://registry.npmjs.org/@tailwindcss/oxide-darwin-arm64/-/oxide-darwin-arm64-4.1.17.tgz. Extracting by manifest.
201 silly tarball no local data for magic-string@https://registry.npmjs.org/magic-string/-/magic-string-0.30.21.tgz. Extracting by manifest.
202 silly tarball no local data for lightningcss@https://registry.npmjs.org/lightningcss/-/lightningcss-1.30.2.tgz. Extracting by manifest.
203 silly tarball no local data for jiti@https://registry.npmjs.org/jiti/-/jiti-2.6.1.tgz. Extracting by manifest.
204 silly tarball no local data for enhanced-resolve@https://registry.npmjs.org/enhanced-resolve/-/enhanced-resolve-5.18.3.tgz. Extracting by manifest.
205 silly tarball no local data for @tailwindcss/node@https://registry.npmjs.org/@tailwindcss/node/-/node-4.1.17.tgz. Extracting by manifest.
206 silly tarball no local data for @tailwindcss/oxide@https://registry.npmjs.org/@tailwindcss/oxide/-/oxide-4.1.17.tgz. Extracting by manifest.
207 silly tarball no local data for @alloc/quick-lru@https://registry.npmjs.org/@alloc/quick-lru/-/quick-lru-5.2.0.tgz. Extracting by manifest.
208 silly tarball no local data for @tailwindcss/postcss@https://registry.npmjs.org/@tailwindcss/postcss/-/postcss-4.1.17.tgz. Extracting by manifest.
209 silly tarball no local data for @tybys/wasm-util@https://registry.npmjs.org/@tybys/wasm-util/-/wasm-util-0.10.1.tgz. Extracting by manifest.
210 silly tarball no local data for @napi-rs/wasm-runtime@https://registry.npmjs.org/@napi-rs/wasm-runtime/-/wasm-runtime-0.2.12.tgz. Extracting by manifest.
211 silly tarball no local data for @emnapi/core@https://registry.npmjs.org/@emnapi/core/-/core-1.7.0.tgz. Extracting by manifest.
212 silly tarball no local data for @emnapi/wasi-threads@https://registry.npmjs.org/@emnapi/wasi-threads/-/wasi-threads-1.1.0.tgz. Extracting by manifest.
213 http fetch GET 200 https://registry.npmjs.org/graceful-fs/-/graceful-fs-4.2.11.tgz 139ms (cache miss)
214 http fetch GET 200 https://registry.npmjs.org/magic-string/-/magic-string-0.30.21.tgz 157ms (cache miss)
215 http fetch GET 200 https://registry.npmjs.org/lightningcss/-/lightningcss-1.30.2.tgz 159ms (cache miss)
216 http fetch GET 200 https://registry.npmjs.org/tapable/-/tapable-2.3.0.tgz 192ms (cache miss)
217 http fetch GET 200 https://registry.npmjs.org/@emnapi/core/-/core-1.7.0.tgz 308ms (cache miss)
218 http fetch GET 200 https://registry.npmjs.org/@emnapi/wasi-threads/-/wasi-threads-1.1.0.tgz 307ms (cache miss)
219 http fetch GET 200 https://registry.npmjs.org/@tailwindcss/oxide-darwin-arm64/-/oxide-darwin-arm64-4.1.17.tgz 359ms (cache miss)
220 http fetch GET 200 https://registry.npmjs.org/lightningcss-darwin-arm64/-/lightningcss-darwin-arm64-1.30.2.tgz 453ms (cache miss)
221 http fetch GET 200 https://registry.npmjs.org/@tailwindcss/oxide/-/oxide-4.1.17.tgz 451ms (cache miss)
222 http fetch GET 200 https://registry.npmjs.org/@alloc/quick-lru/-/quick-lru-5.2.0.tgz 456ms (cache miss)
223 http fetch GET 200 https://registry.npmjs.org/enhanced-resolve/-/enhanced-resolve-5.18.3.tgz 464ms (cache miss)
224 http fetch GET 200 https://registry.npmjs.org/@tailwindcss/postcss/-/postcss-4.1.17.tgz 493ms (cache miss)
225 http fetch GET 200 https://registry.npmjs.org/@tailwindcss/node/-/node-4.1.17.tgz 494ms (cache miss)
226 http fetch GET 200 https://registry.npmjs.org/@tybys/wasm-util/-/wasm-util-0.10.1.tgz 496ms (cache miss)
227 http fetch POST 200 https://registry.npmjs.org/-/npm/v1/security/advisories/bulk 565ms
228 silly audit report {}
229 http fetch GET 200 https://registry.npmjs.org/@napi-rs/wasm-runtime/-/wasm-runtime-0.2.12.tgz 662ms (cache miss)
230 http fetch GET 200 https://registry.npmjs.org/jiti/-/jiti-2.6.1.tgz 666ms (cache miss)
231 silly ADD node_modules/lightningcss-darwin-arm64
232 silly ADD node_modules/tapable
233 silly ADD node_modules/graceful-fs
234 silly ADD node_modules/@tailwindcss/oxide-darwin-arm64
235 silly ADD node_modules/magic-string
236 silly ADD node_modules/lightningcss
237 silly ADD node_modules/jiti
238 silly ADD node_modules/enhanced-resolve
239 silly ADD node_modules/@tailwindcss/oxide
240 silly ADD node_modules/@tailwindcss/node
241 silly ADD node_modules/@alloc/quick-lru
242 silly ADD node_modules/@tailwindcss/postcss
243 silly ADD node_modules/@tybys/wasm-util
244 silly ADD node_modules/@napi-rs/wasm-runtime
245 silly ADD node_modules/@emnapi/wasi-threads
246 silly ADD node_modules/@emnapi/core
247 verbose cwd /Users/reemsaad/Downloads/ali
248 verbose os Darwin 24.5.0
249 verbose node v25.1.0
250 verbose npm  v11.6.2
251 verbose exit 0
252 info ok
