0 verbose cli /opt/homebrew/Cellar/node/25.1.0_1/bin/node /opt/homebrew/bin/npm
1 info using npm@11.6.2
2 info using node@v25.1.0
3 silly config load:file:/opt/homebrew/lib/node_modules/npm/npmrc
4 silly config load:file:/Users/reemsaad/Downloads/ali/.npmrc
5 silly config load:file:/Users/reemsaad/.npmrc
6 silly config load:file:/opt/homebrew/etc/npmrc
7 verbose title npm install tailwindcss postcss autoprefixer
8 verbose argv "install" "--save-dev" "tailwindcss" "postcss" "autoprefixer" "--cache" ".npm-cache"
9 verbose logfile logs-max:10 dir:/Users/reemsaad/Downloads/ali/.npm-cache/_logs/2025-11-12T18_50_44_025Z-
10 verbose logfile /Users/reemsaad/Downloads/ali/.npm-cache/_logs/2025-11-12T18_50_44_025Z-debug-0.log
11 silly logfile done cleaning log files
12 silly packumentCache heap:2348810240 maxSize:587202560 maxEntrySize:293601280
13 silly idealTree buildDeps
14 silly fetch manifest tailwindcss@*
15 silly packumentCache full:https://registry.npmjs.org/tailwindcss cache-miss
16 http fetch GET 200 https://registry.npmjs.org/npm 662ms
17 http fetch GET 200 https://registry.npmjs.org/tailwindcss 837ms (cache miss)
18 silly packumentCache full:https://registry.npmjs.org/tailwindcss set size:undefined disposed:false
19 silly fetch manifest postcss@*
20 silly packumentCache full:https://registry.npmjs.org/postcss cache-miss
21 http fetch GET 200 https://registry.npmjs.org/postcss 153ms (cache miss)
22 silly packumentCache full:https://registry.npmjs.org/postcss set size:undefined disposed:false
23 silly fetch manifest autoprefixer@*
24 silly packumentCache full:https://registry.npmjs.org/autoprefixer cache-miss
25 http fetch GET 200 https://registry.npmjs.org/autoprefixer 223ms (cache miss)
26 silly packumentCache full:https://registry.npmjs.org/autoprefixer set size:undefined disposed:false
27 silly placeDep ROOT autoprefixer@10.4.22 OK for: appttt@0.1.0 want: *
28 silly placeDep ROOT postcss@8.5.6 REPLACE for: appttt@0.1.0 want: *
29 silly placeDep ROOT tailwindcss@4.1.17 OK for: appttt@0.1.0 want: *
30 silly fetch manifest caniuse-lite@^1.0.30001754
31 silly packumentCache full:https://registry.npmjs.org/caniuse-lite cache-miss
32 silly fetch manifest fraction.js@^5.3.4
33 silly packumentCache full:https://registry.npmjs.org/fraction.js cache-miss
34 silly fetch manifest normalize-range@^0.1.2
35 silly packumentCache full:https://registry.npmjs.org/normalize-range cache-miss
36 silly fetch manifest postcss-value-parser@^4.2.0
37 silly packumentCache full:https://registry.npmjs.org/postcss-value-parser cache-miss
38 http fetch GET 200 https://registry.npmjs.org/fraction.js 135ms (cache miss)
39 silly packumentCache full:https://registry.npmjs.org/fraction.js set size:undefined disposed:false
40 http fetch GET 200 https://registry.npmjs.org/caniuse-lite 241ms (cache miss)
41 silly packumentCache full:https://registry.npmjs.org/caniuse-lite set size:undefined disposed:false
42 http fetch GET 200 https://registry.npmjs.org/normalize-range 415ms (cache miss)
43 silly packumentCache full:https://registry.npmjs.org/normalize-range set size:undefined disposed:false
44 http fetch GET 200 https://registry.npmjs.org/postcss-value-parser 482ms (cache miss)
45 silly packumentCache full:https://registry.npmjs.org/postcss-value-parser set size:undefined disposed:false
46 silly placeDep ROOT caniuse-lite@1.0.30001754 REPLACE for: autoprefixer@10.4.22 want: ^1.0.30001754
47 silly placeDep ROOT fraction.js@5.3.4 OK for: autoprefixer@10.4.22 want: ^5.3.4
48 silly placeDep ROOT normalize-range@0.1.2 OK for: autoprefixer@10.4.22 want: ^0.1.2
49 silly placeDep ROOT postcss-value-parser@4.2.0 OK for: autoprefixer@10.4.22 want: ^4.2.0
50 silly fetch manifest postcss@8.4.31
51 silly packumentCache full:https://registry.npmjs.org/postcss cache-miss
52 http cache https://registry.npmjs.org/postcss 5ms (cache hit)
53 silly packumentCache full:https://registry.npmjs.org/postcss set size:696248 disposed:false
54 silly placeDep node_modules/next postcss@8.4.31 OK for: next@16.0.1 want: 8.4.31
55 silly reify mark retired [ '/Users/reemsaad/Downloads/ali/node_modules/caniuse-lite' ]
56 silly reify mark retired [ '/Users/reemsaad/Downloads/ali/node_modules/postcss' ]
57 silly reify moves {
57 silly reify   '/Users/reemsaad/Downloads/ali/node_modules/caniuse-lite': '/Users/reemsaad/Downloads/ali/node_modules/.caniuse-lite-Adv38uq4',
57 silly reify   '/Users/reemsaad/Downloads/ali/node_modules/postcss': '/Users/reemsaad/Downloads/ali/node_modules/.postcss-wc5hcsVO'
57 silly reify }
58 silly audit bulk request {
58 silly audit   '@babel/code-frame': [ '7.27.1' ],
58 silly audit   '@babel/compat-data': [ '7.28.5' ],
58 silly audit   '@babel/core': [ '7.28.5' ],
58 silly audit   '@babel/generator': [ '7.28.5' ],
58 silly audit   '@babel/helper-compilation-targets': [ '7.27.2' ],
58 silly audit   '@babel/helper-globals': [ '7.28.0' ],
58 silly audit   '@babel/helper-module-imports': [ '7.27.1' ],
58 silly audit   '@babel/helper-module-transforms': [ '7.28.3' ],
58 silly audit   '@babel/helper-string-parser': [ '7.27.1' ],
58 silly audit   '@babel/helper-validator-identifier': [ '7.28.5' ],
58 silly audit   '@babel/helper-validator-option': [ '7.27.1' ],
58 silly audit   '@babel/helpers': [ '7.28.4' ],
58 silly audit   '@babel/parser': [ '7.28.5' ],
58 silly audit   '@babel/template': [ '7.27.2' ],
58 silly audit   '@babel/traverse': [ '7.28.5' ],
58 silly audit   '@babel/types': [ '7.28.5' ],
58 silly audit   '@emnapi/core': [ '1.7.0' ],
58 silly audit   '@emnapi/runtime': [ '1.7.0' ],
58 silly audit   '@emnapi/wasi-threads': [ '1.1.0' ],
58 silly audit   '@eslint-community/eslint-utils': [ '4.9.0' ],
58 silly audit   'eslint-visitor-keys': [ '3.4.3', '4.2.1' ],
58 silly audit   '@eslint-community/regexpp': [ '4.12.2' ],
58 silly audit   '@eslint/config-array': [ '0.21.1' ],
58 silly audit   '@eslint/config-helpers': [ '0.4.2' ],
58 silly audit   '@eslint/core': [ '0.17.0' ],
58 silly audit   '@eslint/eslintrc': [ '3.3.1' ],
58 silly audit   '@eslint/js': [ '9.39.1' ],
58 silly audit   '@eslint/object-schema': [ '2.1.7' ],
58 silly audit   '@eslint/plugin-kit': [ '0.4.1' ],
58 silly audit   '@humanfs/core': [ '0.19.1' ],
58 silly audit   '@humanfs/node': [ '0.16.7' ],
58 silly audit   '@humanwhocodes/module-importer': [ '1.0.1' ],
58 silly audit   '@humanwhocodes/retry': [ '0.4.3' ],
58 silly audit   '@img/colour': [ '1.0.0' ],
58 silly audit   '@img/sharp-darwin-arm64': [ '0.34.4' ],
58 silly audit   '@img/sharp-darwin-x64': [ '0.34.4' ],
58 silly audit   '@img/sharp-libvips-darwin-arm64': [ '1.2.3' ],
58 silly audit   '@img/sharp-libvips-darwin-x64': [ '1.2.3' ],
58 silly audit   '@img/sharp-libvips-linux-arm': [ '1.2.3' ],
58 silly audit   '@img/sharp-libvips-linux-arm64': [ '1.2.3' ],
58 silly audit   '@img/sharp-libvips-linux-ppc64': [ '1.2.3' ],
58 silly audit   '@img/sharp-libvips-linux-s390x': [ '1.2.3' ],
58 silly audit   '@img/sharp-libvips-linux-x64': [ '1.2.3' ],
58 silly audit   '@img/sharp-libvips-linuxmusl-arm64': [ '1.2.3' ],
58 silly audit   '@img/sharp-libvips-linuxmusl-x64': [ '1.2.3' ],
58 silly audit   '@img/sharp-linux-arm': [ '0.34.4' ],
58 silly audit   '@img/sharp-linux-arm64': [ '0.34.4' ],
58 silly audit   '@img/sharp-linux-ppc64': [ '0.34.4' ],
58 silly audit   '@img/sharp-linux-s390x': [ '0.34.4' ],
58 silly audit   '@img/sharp-linux-x64': [ '0.34.4' ],
58 silly audit   '@img/sharp-linuxmusl-arm64': [ '0.34.4' ],
58 silly audit   '@img/sharp-linuxmusl-x64': [ '0.34.4' ],
58 silly audit   '@img/sharp-wasm32': [ '0.34.4' ],
58 silly audit   '@img/sharp-win32-arm64': [ '0.34.4' ],
58 silly audit   '@img/sharp-win32-ia32': [ '0.34.4' ],
58 silly audit   '@img/sharp-win32-x64': [ '0.34.4' ],
58 silly audit   '@jridgewell/gen-mapping': [ '0.3.13' ],
58 silly audit   '@jridgewell/remapping': [ '2.3.5' ],
58 silly audit   '@jridgewell/resolve-uri': [ '3.1.2' ],
58 silly audit   '@jridgewell/sourcemap-codec': [ '1.5.5' ],
58 silly audit   '@jridgewell/trace-mapping': [ '0.3.31' ],
58 silly audit   '@napi-rs/wasm-runtime': [ '0.2.12' ],
58 silly audit   '@next/env': [ '16.0.1' ],
58 silly audit   '@next/eslint-plugin-next': [ '16.0.1' ],
58 silly audit   '@next/swc-darwin-arm64': [ '16.0.1' ],
58 silly audit   '@next/swc-darwin-x64': [ '16.0.1' ],
58 silly audit   '@next/swc-linux-arm64-gnu': [ '16.0.1' ],
58 silly audit   '@next/swc-linux-arm64-musl': [ '16.0.1' ],
58 silly audit   '@next/swc-linux-x64-gnu': [ '16.0.1' ],
58 silly audit   '@next/swc-linux-x64-musl': [ '16.0.1' ],
58 silly audit   '@next/swc-win32-arm64-msvc': [ '16.0.1' ],
58 silly audit   '@next/swc-win32-x64-msvc': [ '16.0.1' ],
58 silly audit   '@nodelib/fs.scandir': [ '2.1.5' ],
58 silly audit   '@nodelib/fs.stat': [ '2.0.5' ],
58 silly audit   '@nodelib/fs.walk': [ '1.2.8' ],
58 silly audit   '@nolyfill/is-core-module': [ '1.0.39' ],
58 silly audit   '@rtsao/scc': [ '1.1.0' ],
58 silly audit   '@swc/helpers': [ '0.5.15' ],
58 silly audit   '@tybys/wasm-util': [ '0.10.1' ],
58 silly audit   '@types/estree': [ '1.0.8' ],
58 silly audit   '@types/json-schema': [ '7.0.15' ],
58 silly audit   '@types/json5': [ '0.0.29' ],
58 silly audit   '@types/node': [ '20.19.24' ],
58 silly audit   '@types/react': [ '19.2.2' ],
58 silly audit   '@types/react-dom': [ '19.2.2' ],
58 silly audit   '@typescript-eslint/eslint-plugin': [ '8.46.3' ],
58 silly audit   ignore: [ '7.0.5', '5.3.2' ],
58 silly audit   '@typescript-eslint/parser': [ '8.46.3' ],
58 silly audit   '@typescript-eslint/project-service': [ '8.46.3' ],
58 silly audit   '@typescript-eslint/scope-manager': [ '8.46.3' ],
58 silly audit   '@typescript-eslint/tsconfig-utils': [ '8.46.3' ],
58 silly audit   '@typescript-eslint/type-utils': [ '8.46.3' ],
58 silly audit   '@typescript-eslint/types': [ '8.46.3' ],
58 silly audit   '@typescript-eslint/typescript-estree': [ '8.46.3' ],
58 silly audit   'brace-expansion': [ '2.0.2', '1.1.12' ],
58 silly audit   'fast-glob': [ '3.3.3', '3.3.1' ],
58 silly audit   'glob-parent': [ '5.1.2', '6.0.2' ],
58 silly audit   minimatch: [ '9.0.5', '3.1.2' ],
58 silly audit   semver: [ '7.7.3', '6.3.1' ],
58 silly audit   '@typescript-eslint/utils': [ '8.46.3' ],
58 silly audit   '@typescript-eslint/visitor-keys': [ '8.46.3' ],
58 silly audit   '@unrs/resolver-binding-android-arm-eabi': [ '1.11.1' ],
58 silly audit   '@unrs/resolver-binding-android-arm64': [ '1.11.1' ],
58 silly audit   '@unrs/resolver-binding-darwin-arm64': [ '1.11.1' ],
58 silly audit   '@unrs/resolver-binding-darwin-x64': [ '1.11.1' ],
58 silly audit   '@unrs/resolver-binding-freebsd-x64': [ '1.11.1' ],
58 silly audit   '@unrs/resolver-binding-linux-arm-gnueabihf': [ '1.11.1' ],
58 silly audit   '@unrs/resolver-binding-linux-arm-musleabihf': [ '1.11.1' ],
58 silly audit   '@unrs/resolver-binding-linux-arm64-gnu': [ '1.11.1' ],
58 silly audit   '@unrs/resolver-binding-linux-arm64-musl': [ '1.11.1' ],
58 silly audit   '@unrs/resolver-binding-linux-ppc64-gnu': [ '1.11.1' ],
58 silly audit   '@unrs/resolver-binding-linux-riscv64-gnu': [ '1.11.1' ],
58 silly audit   '@unrs/resolver-binding-linux-riscv64-musl': [ '1.11.1' ],
58 silly audit   '@unrs/resolver-binding-linux-s390x-gnu': [ '1.11.1' ],
58 silly audit   '@unrs/resolver-binding-linux-x64-gnu': [ '1.11.1' ],
58 silly audit   '@unrs/resolver-binding-linux-x64-musl': [ '1.11.1' ],
58 silly audit   '@unrs/resolver-binding-wasm32-wasi': [ '1.11.1' ],
58 silly audit   '@unrs/resolver-binding-win32-arm64-msvc': [ '1.11.1' ],
58 silly audit   '@unrs/resolver-binding-win32-ia32-msvc': [ '1.11.1' ],
58 silly audit   '@unrs/resolver-binding-win32-x64-msvc': [ '1.11.1' ],
58 silly audit   acorn: [ '8.15.0' ],
58 silly audit   'acorn-jsx': [ '5.3.2' ],
58 silly audit   ajv: [ '6.12.6' ],
58 silly audit   'ansi-styles': [ '4.3.0' ],
58 silly audit   argparse: [ '2.0.1' ],
58 silly audit   'aria-query': [ '5.3.2' ],
58 silly audit   'array-buffer-byte-length': [ '1.0.2' ],
58 silly audit   'array-includes': [ '3.1.9' ],
58 silly audit   'array.prototype.findlast': [ '1.2.5' ],
58 silly audit   'array.prototype.findlastindex': [ '1.2.6' ],
58 silly audit   'array.prototype.flat': [ '1.3.3' ],
58 silly audit   'array.prototype.flatmap': [ '1.3.3' ],
58 silly audit   'array.prototype.tosorted': [ '1.1.4' ],
58 silly audit   'arraybuffer.prototype.slice': [ '1.0.4' ],
58 silly audit   'ast-types-flow': [ '0.0.8' ],
58 silly audit   'async-function': [ '1.0.0' ],
58 silly audit   'available-typed-arrays': [ '1.0.7' ],
58 silly audit   'axe-core': [ '4.11.0' ],
58 silly audit   'axobject-query': [ '4.1.0' ],
58 silly audit   'balanced-match': [ '1.0.2' ],
58 silly audit   'baseline-browser-mapping': [ '2.8.24' ],
58 silly audit   braces: [ '3.0.3' ],
58 silly audit   browserslist: [ '4.27.0' ],
58 silly audit   'call-bind': [ '1.0.8' ],
58 silly audit   'call-bind-apply-helpers': [ '1.0.2' ],
58 silly audit   'call-bound': [ '1.0.4' ],
58 silly audit   callsites: [ '3.1.0' ],
58 silly audit   chalk: [ '4.1.2' ],
58 silly audit   'client-only': [ '0.0.1' ],
58 silly audit   'color-convert': [ '2.0.1' ],
58 silly audit   'color-name': [ '1.1.4' ],
58 silly audit   'concat-map': [ '0.0.1' ],
58 silly audit   'convert-source-map': [ '2.0.0' ],
58 silly audit   'cross-spawn': [ '7.0.6' ],
58 silly audit   csstype: [ '3.1.3' ],
58 silly audit   'damerau-levenshtein': [ '1.0.8' ],
58 silly audit   'data-view-buffer': [ '1.0.2' ],
58 silly audit   'data-view-byte-length': [ '1.0.2' ],
58 silly audit   'data-view-byte-offset': [ '1.0.1' ],
58 silly audit   debug: [ '4.4.3', '3.2.7' ],
58 silly audit   'deep-is': [ '0.1.4' ],
58 silly audit   'define-data-property': [ '1.1.4' ],
58 silly audit   'define-properties': [ '1.2.1' ],
58 silly audit   'detect-libc': [ '2.1.2' ],
58 silly audit   doctrine: [ '2.1.0' ],
58 silly audit   'dunder-proto': [ '1.0.1' ],
58 silly audit   'electron-to-chromium': [ '1.5.245' ],
58 silly audit   'emoji-regex': [ '9.2.2' ],
58 silly audit   'es-abstract': [ '1.24.0' ],
58 silly audit   'es-define-property': [ '1.0.1' ],
58 silly audit   'es-errors': [ '1.3.0' ],
58 silly audit   'es-iterator-helpers': [ '1.2.1' ],
58 silly audit   'es-object-atoms': [ '1.1.1' ],
58 silly audit   'es-set-tostringtag': [ '2.1.0' ],
58 silly audit   'es-shim-unscopables': [ '1.1.0' ],
58 silly audit   'es-to-primitive': [ '1.3.0' ],
58 silly audit   escalade: [ '3.2.0' ],
58 silly audit   'escape-string-regexp': [ '4.0.0' ],
58 silly audit   eslint: [ '9.39.1' ],
58 silly audit   'eslint-config-next': [ '16.0.1' ],
58 silly audit   globals: [ '16.4.0', '14.0.0' ],
58 silly audit   'eslint-import-resolver-node': [ '0.3.9' ],
58 silly audit   'eslint-import-resolver-typescript': [ '3.10.1' ],
58 silly audit   'eslint-module-utils': [ '2.12.1' ],
58 silly audit   'eslint-plugin-import': [ '2.32.0' ],
58 silly audit   'eslint-plugin-jsx-a11y': [ '6.10.2' ],
58 silly audit   'eslint-plugin-react': [ '7.37.5' ],
58 silly audit   'eslint-plugin-react-hooks': [ '7.0.1' ],
58 silly audit   resolve: [ '2.0.0-next.5', '1.22.11' ],
58 silly audit   'eslint-scope': [ '8.4.0' ],
58 silly audit   espree: [ '10.4.0' ],
58 silly audit   esquery: [ '1.6.0' ],
58 silly audit   esrecurse: [ '4.3.0' ],
58 silly audit   estraverse: [ '5.3.0' ],
58 silly audit   esutils: [ '2.0.3' ],
58 silly audit   'fast-deep-equal': [ '3.1.3' ],
58 silly audit   'fast-json-stable-stringify': [ '2.1.0' ],
58 silly audit   'fast-levenshtein': [ '2.0.6' ],
58 silly audit   fastq: [ '1.19.1' ],
58 silly audit   'file-entry-cache': [ '8.0.0' ],
58 silly audit   'fill-range': [ '7.1.1' ],
58 silly audit   'find-up': [ '5.0.0' ],
58 silly audit   'flat-cache': [ '4.0.1' ],
58 silly audit   flatted: [ '3.3.3' ],
58 silly audit   'for-each': [ '0.3.5' ],
58 silly audit   'function-bind': [ '1.1.2' ],
58 silly audit   'function.prototype.name': [ '1.1.8' ],
58 silly audit   'functions-have-names': [ '1.2.3' ],
58 silly audit   'generator-function': [ '2.0.1' ],
58 silly audit   gensync: [ '1.0.0-beta.2' ],
58 silly audit   'get-intrinsic': [ '1.3.0' ],
58 silly audit   'get-proto': [ '1.0.1' ],
58 silly audit   'get-symbol-description': [ '1.1.0' ],
58 silly audit   'get-tsconfig': [ '4.13.0' ],
58 silly audit   globalthis: [ '1.0.4' ],
58 silly audit   gopd: [ '1.2.0' ],
58 silly audit   graphemer: [ '1.4.0' ],
58 silly audit   'has-bigints': [ '1.1.0' ],
58 silly audit   'has-flag': [ '4.0.0' ],
58 silly audit   'has-property-descriptors': [ '1.0.2' ],
58 silly audit   'has-proto': [ '1.2.0' ],
58 silly audit   'has-symbols': [ '1.1.0' ],
58 silly audit   'has-tostringtag': [ '1.0.2' ],
58 silly audit   hasown: [ '2.0.2' ],
58 silly audit   'hermes-estree': [ '0.25.1' ],
58 silly audit   'hermes-parser': [ '0.25.1' ],
58 silly audit   'import-fresh': [ '3.3.1' ],
58 silly audit   imurmurhash: [ '0.1.4' ],
58 silly audit   'internal-slot': [ '1.1.0' ],
58 silly audit   'is-array-buffer': [ '3.0.5' ],
58 silly audit   'is-async-function': [ '2.1.1' ],
58 silly audit   'is-bigint': [ '1.1.0' ],
58 silly audit   'is-boolean-object': [ '1.2.2' ],
58 silly audit   'is-bun-module': [ '2.0.0' ],
58 silly audit   'is-callable': [ '1.2.7' ],
58 silly audit   'is-core-module': [ '2.16.1' ],
58 silly audit   'is-data-view': [ '1.0.2' ],
58 silly audit   'is-date-object': [ '1.1.0' ],
58 silly audit   'is-extglob': [ '2.1.1' ],
58 silly audit   'is-finalizationregistry': [ '1.1.1' ],
58 silly audit   'is-generator-function': [ '1.1.2' ],
58 silly audit   'is-glob': [ '4.0.3' ],
58 silly audit   'is-map': [ '2.0.3' ],
58 silly audit   'is-negative-zero': [ '2.0.3' ],
58 silly audit   'is-number': [ '7.0.0' ],
58 silly audit   'is-number-object': [ '1.1.1' ],
58 silly audit   'is-regex': [ '1.2.1' ],
58 silly audit   'is-set': [ '2.0.3' ],
58 silly audit   'is-shared-array-buffer': [ '1.0.4' ],
58 silly audit   'is-string': [ '1.1.1' ],
58 silly audit   'is-symbol': [ '1.1.1' ],
58 silly audit   'is-typed-array': [ '1.1.15' ],
58 silly audit   'is-weakmap': [ '2.0.2' ],
58 silly audit   'is-weakref': [ '1.1.1' ],
58 silly audit   'is-weakset': [ '2.0.4' ],
58 silly audit   isarray: [ '2.0.5' ],
58 silly audit   isexe: [ '2.0.0' ],
58 silly audit   'iterator.prototype': [ '1.1.5' ],
58 silly audit   'js-tokens': [ '4.0.0' ],
58 silly audit   'js-yaml': [ '4.1.0' ],
58 silly audit   jsesc: [ '3.1.0' ],
58 silly audit   'json-buffer': [ '3.0.1' ],
58 silly audit   'json-schema-traverse': [ '0.4.1' ],
58 silly audit   'json-stable-stringify-without-jsonify': [ '1.0.1' ],
58 silly audit   json5: [ '2.2.3', '1.0.2' ],
58 silly audit   'jsx-ast-utils': [ '3.3.5' ],
58 silly audit   keyv: [ '4.5.4' ],
58 silly audit   'language-subtag-registry': [ '0.3.23' ],
58 silly audit   'language-tags': [ '1.0.9' ],
58 silly audit   levn: [ '0.4.1' ],
58 silly audit   'locate-path': [ '6.0.0' ],
58 silly audit   'lodash.merge': [ '4.6.2' ],
58 silly audit   'loose-envify': [ '1.4.0' ],
58 silly audit   'lru-cache': [ '5.1.1' ],
58 silly audit   'math-intrinsics': [ '1.1.0' ],
58 silly audit   merge2: [ '1.4.1' ],
58 silly audit   micromatch: [ '4.0.8' ],
58 silly audit   minimist: [ '1.2.8' ],
58 silly audit   ms: [ '2.1.3' ],
58 silly audit   nanoid: [ '3.3.11' ],
58 silly audit   'napi-postinstall': [ '0.3.4' ],
58 silly audit   'natural-compare': [ '1.4.0' ],
58 silly audit   next: [ '16.0.1' ],
58 silly audit   'node-releases': [ '2.0.27' ],
58 silly audit   'object-assign': [ '4.1.1' ],
58 silly audit   'object-inspect': [ '1.13.4' ],
58 silly audit   'object-keys': [ '1.1.1' ],
58 silly audit   'object.assign': [ '4.1.7' ],
58 silly audit   'object.entries': [ '1.1.9' ],
58 silly audit   'object.fromentries': [ '2.0.8' ],
58 silly audit   'object.groupby': [ '1.0.3' ],
58 silly audit   'object.values': [ '1.2.1' ],
58 silly audit   optionator: [ '0.9.4' ],
58 silly audit   'own-keys': [ '1.0.1' ],
58 silly audit   'p-limit': [ '3.1.0' ],
58 silly audit   'p-locate': [ '5.0.0' ],
58 silly audit   'parent-module': [ '1.0.1' ],
58 silly audit   'path-exists': [ '4.0.0' ],
58 silly audit   'path-key': [ '3.1.1' ],
58 silly audit   'path-parse': [ '1.0.7' ],
58 silly audit   picocolors: [ '1.1.1' ],
58 silly audit   picomatch: [ '2.3.1', '4.0.3' ],
58 silly audit   'possible-typed-array-names': [ '1.1.0' ],
58 silly audit   'prelude-ls': [ '1.2.1' ],
58 silly audit   'prop-types': [ '15.8.1' ],
58 silly audit   punycode: [ '2.3.1' ],
58 silly audit   'queue-microtask': [ '1.2.3' ],
58 silly audit   react: [ '19.2.0' ],
58 silly audit   'react-dom': [ '19.2.0' ],
58 silly audit   'react-is': [ '16.13.1' ],
58 silly audit   'reflect.getprototypeof': [ '1.0.10' ],
58 silly audit   'regexp.prototype.flags': [ '1.5.4' ],
58 silly audit   'resolve-from': [ '4.0.0' ],
58 silly audit   'resolve-pkg-maps': [ '1.0.0' ],
58 silly audit   reusify: [ '1.1.0' ],
58 silly audit   'run-parallel': [ '1.2.0' ],
58 silly audit   'safe-array-concat': [ '1.1.3' ],
58 silly audit   'safe-push-apply': [ '1.0.0' ],
58 silly audit   'safe-regex-test': [ '1.1.0' ],
58 silly audit   scheduler: [ '0.27.0' ],
58 silly audit   'set-function-length': [ '1.2.2' ],
58 silly audit   'set-function-name': [ '2.0.2' ],
58 silly audit   'set-proto': [ '1.0.0' ],
58 silly audit   sharp: [ '0.34.4' ],
58 silly audit   'shebang-command': [ '2.0.0' ],
58 silly audit   'shebang-regex': [ '3.0.0' ],
58 silly audit   'side-channel': [ '1.1.0' ],
58 silly audit   'side-channel-list': [ '1.0.0' ],
58 silly audit   'side-channel-map': [ '1.0.1' ],
58 silly audit   'side-channel-weakmap': [ '1.0.2' ],
58 silly audit   'source-map-js': [ '1.2.1' ],
58 silly audit   'stable-hash': [ '0.0.5' ],
58 silly audit   'stop-iteration-iterator': [ '1.1.0' ],
58 silly audit   'string.prototype.includes': [ '2.0.1' ],
58 silly audit   'string.prototype.matchall': [ '4.0.12' ],
58 silly audit   'string.prototype.repeat': [ '1.0.0' ],
58 silly audit   'string.prototype.trim': [ '1.2.10' ],
58 silly audit   'string.prototype.trimend': [ '1.0.9' ],
58 silly audit   'string.prototype.trimstart': [ '1.0.8' ],
58 silly audit   'strip-bom': [ '3.0.0' ],
58 silly audit   'strip-json-comments': [ '3.1.1' ],
58 silly audit   'styled-jsx': [ '5.1.6' ],
58 silly audit   'supports-color': [ '7.2.0' ],
58 silly audit   'supports-preserve-symlinks-flag': [ '1.0.0' ],
58 silly audit   tinyglobby: [ '0.2.15' ],
58 silly audit   fdir: [ '6.5.0' ],
58 silly audit   'to-regex-range': [ '5.0.1' ],
58 silly audit   'ts-api-utils': [ '2.1.0' ],
58 silly audit   'tsconfig-paths': [ '3.15.0' ],
58 silly audit   tslib: [ '2.8.1' ],
58 silly audit   'type-check': [ '0.4.0' ],
58 silly audit   'typed-array-buffer': [ '1.0.3' ],
58 silly audit   'typed-array-byte-length': [ '1.0.3' ],
58 silly audit   'typed-array-byte-offset': [ '1.0.4' ],
58 silly audit   'typed-array-length': [ '1.0.7' ],
58 silly audit   typescript: [ '5.9.3' ],
58 silly audit   'typescript-eslint': [ '8.46.3' ],
58 silly audit   'unbox-primitive': [ '1.1.0' ],
58 silly audit   'undici-types': [ '6.21.0' ],
58 silly audit   'unrs-resolver': [ '1.11.1' ],
58 silly audit   'update-browserslist-db': [ '1.1.4' ],
58 silly audit   'uri-js': [ '4.4.1' ],
58 silly audit   which: [ '2.0.2' ],
58 silly audit   'which-boxed-primitive': [ '1.1.1' ],
58 silly audit   'which-builtin-type': [ '1.2.1' ],
58 silly audit   'which-collection': [ '1.0.2' ],
58 silly audit   'which-typed-array': [ '1.1.19' ],
58 silly audit   'word-wrap': [ '1.2.5' ],
58 silly audit   yallist: [ '3.1.1' ],
58 silly audit   'yocto-queue': [ '0.1.0' ],
58 silly audit   zod: [ '4.1.12' ],
58 silly audit   'zod-validation-error': [ '4.0.2' ],
58 silly audit   autoprefixer: [ '10.4.22' ],
58 silly audit   postcss: [ '8.5.6', '8.4.31' ],
58 silly audit   tailwindcss: [ '4.1.17' ],
58 silly audit   'caniuse-lite': [ '1.0.30001754' ],
58 silly audit   'fraction.js': [ '5.3.4' ],
58 silly audit   'normalize-range': [ '0.1.2' ],
58 silly audit   'postcss-value-parser': [ '4.2.0' ]
58 silly audit }
59 http cache postcss-value-parser@https://registry.npmjs.org/postcss-value-parser/-/postcss-value-parser-4.2.0.tgz 0ms (cache hit)
60 http cache normalize-range@https://registry.npmjs.org/normalize-range/-/normalize-range-0.1.2.tgz 0ms (cache hit)
61 http cache fraction.js@https://registry.npmjs.org/fraction.js/-/fraction.js-5.3.4.tgz 1ms (cache hit)
62 http cache tailwindcss@https://registry.npmjs.org/tailwindcss/-/tailwindcss-4.1.17.tgz 0ms (cache hit)
63 http cache postcss@https://registry.npmjs.org/postcss/-/postcss-8.5.6.tgz 0ms (cache hit)
64 http cache autoprefixer@https://registry.npmjs.org/autoprefixer/-/autoprefixer-10.4.22.tgz 0ms (cache hit)
65 http cache caniuse-lite@https://registry.npmjs.org/caniuse-lite/-/caniuse-lite-1.0.30001754.tgz 0ms (cache hit)
66 http cache postcss@https://registry.npmjs.org/postcss/-/postcss-8.4.31.tgz 0ms (cache hit)
67 silly tarball no local data for postcss-value-parser@https://registry.npmjs.org/postcss-value-parser/-/postcss-value-parser-4.2.0.tgz. Extracting by manifest.
68 silly tarball no local data for normalize-range@https://registry.npmjs.org/normalize-range/-/normalize-range-0.1.2.tgz. Extracting by manifest.
69 silly tarball no local data for fraction.js@https://registry.npmjs.org/fraction.js/-/fraction.js-5.3.4.tgz. Extracting by manifest.
70 silly tarball no local data for tailwindcss@https://registry.npmjs.org/tailwindcss/-/tailwindcss-4.1.17.tgz. Extracting by manifest.
71 silly tarball no local data for postcss@https://registry.npmjs.org/postcss/-/postcss-8.5.6.tgz. Extracting by manifest.
72 silly tarball no local data for autoprefixer@https://registry.npmjs.org/autoprefixer/-/autoprefixer-10.4.22.tgz. Extracting by manifest.
73 silly tarball no local data for caniuse-lite@https://registry.npmjs.org/caniuse-lite/-/caniuse-lite-1.0.30001754.tgz. Extracting by manifest.
74 silly tarball no local data for postcss@https://registry.npmjs.org/postcss/-/postcss-8.4.31.tgz. Extracting by manifest.
75 http fetch GET 200 https://registry.npmjs.org/normalize-range/-/normalize-range-0.1.2.tgz 123ms (cache miss)
76 http fetch GET 200 https://registry.npmjs.org/postcss-value-parser/-/postcss-value-parser-4.2.0.tgz 148ms (cache miss)
77 http fetch GET 200 https://registry.npmjs.org/fraction.js/-/fraction.js-5.3.4.tgz 149ms (cache miss)
78 http fetch GET 200 https://registry.npmjs.org/postcss/-/postcss-8.4.31.tgz 241ms (cache miss)
79 http fetch GET 200 https://registry.npmjs.org/postcss/-/postcss-8.5.6.tgz 285ms (cache miss)
80 http fetch POST 200 https://registry.npmjs.org/-/npm/v1/security/advisories/bulk 356ms
81 silly audit report {}
82 http fetch GET 200 https://registry.npmjs.org/autoprefixer/-/autoprefixer-10.4.22.tgz 458ms (cache miss)
83 http fetch GET 200 https://registry.npmjs.org/tailwindcss/-/tailwindcss-4.1.17.tgz 583ms (cache miss)
84 http fetch GET 200 https://registry.npmjs.org/caniuse-lite/-/caniuse-lite-1.0.30001754.tgz 796ms (cache miss)
85 silly ADD node_modules/postcss-value-parser
86 silly ADD node_modules/normalize-range
87 silly ADD node_modules/fraction.js
88 silly ADD node_modules/tailwindcss
89 silly ADD node_modules/autoprefixer
90 silly CHANGE node_modules/postcss
91 silly ADD node_modules/next/node_modules/postcss
92 silly CHANGE node_modules/caniuse-lite
93 verbose cwd /Users/reemsaad/Downloads/ali
94 verbose os Darwin 24.5.0
95 verbose node v25.1.0
96 verbose npm  v11.6.2
97 verbose exit 0
98 info ok
